2024-03-02T20:52:47.266+0800	[34mINFO[0m	clients/client_factory.go:47	logDir:<tmp/nacos/log>   cacheDir:<tmp/nacos/cache>
2024-03-02T21:08:10.910+0800	[34mINFO[0m	clients/client_factory.go:47	logDir:<tmp/nacos/log>   cacheDir:<tmp/nacos/cache>
2024-03-02T21:12:21.192+0800	[34mINFO[0m	clients/client_factory.go:47	logDir:<tmp/nacos/log>   cacheDir:<tmp/nacos/cache>
2024-03-02T21:22:10.212+0800	[34mINFO[0m	clients/client_factory.go:47	logDir:<tmp/nacos/log>   cacheDir:<tmp/nacos/cache>
2024-03-02T21:48:16.492+0800	[34mINFO[0m	clients/client_factory.go:47	logDir:<tmp/nacos/log>   cacheDir:<tmp/nacos/cache>
2024-03-02T21:50:45.024+0800	[34mINFO[0m	clients/client_factory.go:47	logDir:<tmp/nacos/log>   cacheDir:<tmp/nacos/cache>
2024-03-02T21:50:45.082+0800	[31mERROR[0m	nacos_server/nacos_server.go:199	api</v1/cs/configs>,method:<GET>, params:<{"dataId":"goods-srv.json","group":"dev","tenant":"fa682244-40b3-43b8-abf7-b912b7e0a82a"}>, call domain error:<[404] config data not exist
> , result:<config data not exist
>
2024-03-02T21:50:45.085+0800	[31mERROR[0m	nacos_server/nacos_server.go:199	api</v1/cs/configs>,method:<GET>, params:<{"dataId":"goods-srv.json","group":"dev","tenant":"fa682244-40b3-43b8-abf7-b912b7e0a82a"}>, call domain error:<[404] config data not exist
> , result:<config data not exist
>
2024-03-02T21:50:45.087+0800	[31mERROR[0m	nacos_server/nacos_server.go:199	api</v1/cs/configs>,method:<GET>, params:<{"dataId":"goods-srv.json","group":"dev","tenant":"fa682244-40b3-43b8-abf7-b912b7e0a82a"}>, call domain error:<[404] config data not exist
> , result:<config data not exist
>
2024-03-02T21:50:45.087+0800	[31mERROR[0m	config_client/config_client.go:202	get config from server error:[404] config data not exist
 
2024-03-02T21:50:45.087+0800	[33mWARN[0m	config_client/config_client.go:207	[client.GetConfig] config not found, dataId: goods-srv.json, group: dev, namespaceId: fa682244-40b3-43b8-abf7-b912b7e0a82a.
2024-03-02T21:51:47.854+0800	[34mINFO[0m	clients/client_factory.go:47	logDir:<tmp/nacos/log>   cacheDir:<tmp/nacos/cache>
2024-03-02T22:05:42.217+0800	[34mINFO[0m	clients/client_factory.go:47	logDir:<tmp/nacos/log>   cacheDir:<tmp/nacos/cache>
2024-03-02T22:06:17.895+0800	[34mINFO[0m	clients/client_factory.go:47	logDir:<tmp/nacos/log>   cacheDir:<tmp/nacos/cache>
